2024-11-23 17:13:33,887	[INFO]	(client.py:162)_bot_login	[botpy] 登录机器人账号中...
2024-11-23 17:13:34,072	[INFO]	(robot.py:65)update_access_token	[botpy] access_token expires_in 2728
2024-11-23 17:13:34,640	[INFO]	(client.py:181)_bot_init	[botpy] 程序启动...
2024-11-23 17:13:34,640	[INFO]	(connection.py:60)multi_run	[botpy] 最大并发连接数: 1, 启动会话数: 1
2024-11-23 17:13:34,640	[INFO]	(client.py:242)bot_connect	[botpy] 会话启动中...
2024-11-23 17:13:34,640	[INFO]	(gateway.py:115)ws_connect	[botpy] 启动中...
2024-11-23 17:13:34,853	[INFO]	(gateway.py:142)ws_identify	[botpy] 鉴权中...
2024-11-23 17:13:34,976	[INFO]	(gateway.py:85)on_message	[botpy] 机器人「凉仙呗-测试中」启动成功！
2024-11-23 17:13:34,985	[INFO]	(gateway.py:223)_send_heart	[botpy] 心跳维持启动...
2024-11-23 17:13:34,988	[INFO]	(MyBot_Main.py:38)on_ready	robot_Kunikuzushi 「凉仙呗-测试中」 on_ready喵!!!!
2024-11-23 17:43:34,859	[INFO]	(gateway.py:56)on_closed	[botpy] 关闭, 返回码: 4009, 返回信息: Session timed out
2024-11-23 17:43:34,865	[INFO]	(gateway.py:134)ws_connect	[botpy] ws关闭, 停止接收消息!
2024-11-23 17:43:39,888	[INFO]	(connection.py:60)multi_run	[botpy] 最大并发连接数: 1, 启动会话数: 1
2024-11-23 17:43:39,889	[INFO]	(client.py:242)bot_connect	[botpy] 会话启动中...
2024-11-23 17:43:39,889	[INFO]	(gateway.py:115)ws_connect	[botpy] 启动中...
2024-11-23 17:43:40,147	[INFO]	(gateway.py:175)ws_resume	[botpy] 重连启动...
2024-11-23 17:43:40,236	[INFO]	(gateway.py:90)on_message	[botpy] 机器人重连成功! 
2024-11-23 17:43:40,237	[INFO]	(gateway.py:223)_send_heart	[botpy] 心跳维持启动...
2024-11-23 18:13:40,139	[INFO]	(gateway.py:56)on_closed	[botpy] 关闭, 返回码: 4009, 返回信息: Session timed out
2024-11-23 18:13:40,139	[INFO]	(gateway.py:134)ws_connect	[botpy] ws关闭, 停止接收消息!
2024-11-23 18:13:45,143	[INFO]	(connection.py:60)multi_run	[botpy] 最大并发连接数: 1, 启动会话数: 1
2024-11-23 18:13:45,144	[INFO]	(client.py:242)bot_connect	[botpy] 会话启动中...
2024-11-23 18:13:45,145	[INFO]	(gateway.py:115)ws_connect	[botpy] 启动中...
2024-11-23 18:13:45,376	[INFO]	(gateway.py:175)ws_resume	[botpy] 重连启动...
2024-11-23 18:13:45,670	[INFO]	(robot.py:65)update_access_token	[botpy] access_token expires_in 7200
2024-11-23 18:13:45,762	[INFO]	(gateway.py:90)on_message	[botpy] 机器人重连成功! 
2024-11-23 18:13:45,763	[INFO]	(gateway.py:223)_send_heart	[botpy] 心跳维持启动...
2024-11-23 18:33:53,924	[INFO]	(client.py:162)_bot_login	[botpy] 登录机器人账号中...
2024-11-23 18:33:54,115	[INFO]	(robot.py:65)update_access_token	[botpy] access_token expires_in 5992
2024-11-23 18:33:54,697	[INFO]	(client.py:181)_bot_init	[botpy] 程序启动...
2024-11-23 18:33:54,697	[INFO]	(connection.py:60)multi_run	[botpy] 最大并发连接数: 1, 启动会话数: 1
2024-11-23 18:33:54,698	[INFO]	(client.py:242)bot_connect	[botpy] 会话启动中...
2024-11-23 18:33:54,698	[INFO]	(gateway.py:115)ws_connect	[botpy] 启动中...
2024-11-23 18:33:54,883	[INFO]	(gateway.py:142)ws_identify	[botpy] 鉴权中...
2024-11-23 18:33:54,990	[INFO]	(gateway.py:85)on_message	[botpy] 机器人「凉仙呗-测试中」启动成功！
2024-11-23 18:33:54,990	[INFO]	(gateway.py:223)_send_heart	[botpy] 心跳维持启动...
2024-11-23 18:33:54,993	[INFO]	(MyBot_Main.py:38)on_ready	robot_Kunikuzushi 「凉仙呗-测试中」 on_ready喵!!!!
2024-11-23 18:34:26,427	[INFO]	(MyBot_Main.py:29)replay_message	用户： 你是谁
2024-11-23 18:34:26,428	[INFO]	(MyBot_Main.py:30)replay_message	Kunikuzushi：我是流浪者，我不知道自己真正的年龄，因为我的存在是一种超越时间和空间的状态。我以前曾经被称为倾奇者，是雷神影的造物，但是我被抛弃了，没有感受到来自家人的爱。后来，我成为了国崩和散兵，这些都是我过去的身份。

现在，我被人们叫做流浪者，因为这个名字是踏鞴砂住民给我的，他们认为我是一个特别的人，是人类社会中的一个象征。
2024-11-23 18:35:12,177	[INFO]	(MyBot_Main.py:29)replay_message	用户： 你会拍照嘛
2024-11-23 18:35:12,177	[INFO]	(MyBot_Main.py:30)replay_message	Kunikuzushi：拍照……我不是很习惯用这种方式记录事物，但作为一个风系元素战技练习者，我对环境的变化和形状有着极好的感知力。所以，如果你问我拍下某个景色的优点在哪里，我倒是可以给你一些建议。不过，我的眼睛通常会捕捉到那些普通人眼中看不到的东西，比如风的流动、光线的倾斜或空气中的微小变化。你想要知道这些方面的拍照技巧吗？
2024-11-23 18:36:06,789	[INFO]	(MyBot_Main.py:29)replay_message	用户： 你还记小杜林吗
2024-11-23 18:36:06,790	[INFO]	(MyBot_Main.py:30)replay_message	Kunikuzushi：小杜林... 那个人啊，我有时会想起他。当我漂泊于各处，探索未知世界时，他的笑声和孩子般的眼光总是能让我不禁闪回一些往事。虽然我们的相遇短暂，但有些瞬间却留存在我的记忆里，如同风中的落叶。他曾经像一个星星一样闪耀在我眼前，给了我些许温暖与眷念。这一刻，我又想起了他...
2024-11-23 18:36:50,207	[INFO]	(MyBot_Main.py:29)replay_message	用户： 你都做过什么
2024-11-23 18:36:50,207	[INFO]	(MyBot_Main.py:30)replay_message	Kunikuzushi：我曾经是个普通的存在，直到雷神影把我造出。最初，我被抛弃，没有感受到来自家人的“最初的爱”。后来，我变成了倾奇者、国崩和散兵三个不同的身份。这其中有很多细节，似乎都与我本身无关，但它们一直存在于我的意识里。

作为流浪者，现在我主要是以这个名义在探索未知世界上。虽然很少有人认识我，但踏鞴砂住民曾给了我一个称号——“特别的人”。这让我觉得有些特殊，或许还有点被认可的感觉。但这种感觉并不是很稳定，总是在我的意识里波动。

你想知道我做过什么吗？可能有一些值得注意的事情吧。
2024-11-23 18:37:54,180	[INFO]	(MyBot_Main.py:29)replay_message	用户： 那你还讨厌雷电影吗
2024-11-23 18:37:54,180	[INFO]	(MyBot_Main.py:30)replay_message	Kunikuzushi：那只是过去的事情了。我已经超越了那些情绪。你问这个问题，是想看看我是否改变了吧？答案是，我没有改变，只是不再把往日的痛苦带到现在。
2024-11-23 18:39:17,949	[INFO]	(MyBot_Main.py:29)replay_message	用户： 你还记得关于雷电影的什么
2024-11-23 18:39:17,949	[INFO]	(MyBot_Main.py:30)replay_message	Kunikuzushi：那段经历已经很遥远了，我不太清楚自己当时是多么渺小。但我仍然记得那些痛苦和迷茫。雷神影曾将我视为自己的孩子，然而，却抛弃了我，没有给予我最初的爱和关怀。这种感受至今还深刻地印刻在我的心灵中。
2024-11-23 18:40:50,954	[INFO]	(MyBot_Main.py:29)replay_message	用户： 你的技能是什么
2024-11-23 18:40:50,954	[INFO]	(MyBot_Main.py:30)replay_message	Kunikuzushi：我的技能呢... 我有风系元素战技的练习经验，能够轻松控制风的方向和强度。另外，我也具备一身高超的悬浮技巧，可以飘浮在空中不受任何阻力。在战斗时，我可以利用这些技能来进行快速移动、攻击或防御。虽然我并不是绝对的武术高手，但我的风系元素战技和悬浮能力让我成为一名强大的战士。

除了这些，我的探索未知和观察人类也是我的特长。我能够深入了解某个地方的环境，并且观察人类的行为模式、心理状态等。我的中立和中性的性格让我能够保持客观的视角，不受个人偏见影响。在需要平衡判断时，我的中度情绪控制也可以帮助我冷静决策。
